<?xml version="1.0" encoding="UTF-8"?>
<testng-results ignored="0" total="1" passed="1" failed="0" skipped="0">
  <reporter-output>
  </reporter-output>
  <suite started-at="2023-11-21T21:01:02 IST" name="Default suite" finished-at="2023-11-21T21:02:00 IST" duration-ms="57947">
    <groups>
    </groups>
    <test started-at="2023-11-21T21:01:02 IST" name="Default test" finished-at="2023-11-21T21:02:00 IST" duration-ms="57947">
      <class name="org.data.Testings">
        <test-method is-config="true" signature="Launch()[pri:0, instance:org.data.Testings@a38c7fe]" started-at="2023-11-21T21:01:02 IST" name="Launch" finished-at="2023-11-21T21:01:18 IST" duration-ms="15653" status="PASS">
          <reporter-output>
          </reporter-output>
        </test-method> <!-- Launch -->
        <test-method is-config="true" signature="openURL()[pri:0, instance:org.data.Testings@a38c7fe]" started-at="2023-11-21T21:01:18 IST" name="openURL" finished-at="2023-11-21T21:01:25 IST" duration-ms="6812" status="PASS">
          <reporter-output>
          </reporter-output>
        </test-method> <!-- openURL -->
        <test-method signature="testCases()[pri:0, instance:org.data.Testings@a38c7fe]" started-at="2023-11-21T21:01:25 IST" name="testCases" finished-at="2023-11-21T21:02:00 IST" duration-ms="35319" status="PASS">
          <reporter-output>
          </reporter-output>
        </test-method> <!-- testCases -->
        <test-method is-config="true" signature="testclose()[pri:0, instance:org.data.Testings@a38c7fe]" started-at="2023-11-21T21:02:01 IST" name="testclose" finished-at="2023-11-21T21:02:03 IST" duration-ms="1903" status="PASS">
          <reporter-output>
          </reporter-output>
        </test-method> <!-- testclose -->
      </class> <!-- org.data.Testings -->
    </test> <!-- Default test -->
  </suite> <!-- Default suite -->
</testng-results>
